[INFO] Scanning for projects...
[INFO] 
[INFO] --------------------------< com.klu:project >---------------------------
[INFO] Building AcademicConnect 0.0.1-SNAPSHOT
[INFO]   from pom.xml
[INFO] --------------------------------[ jar ]---------------------------------
[INFO] 
[INFO] >>> spring-boot:3.4.4:run (default-cli) > test-compile @ project >>>
[INFO] 
[INFO] --- resources:3.3.1:resources (default-resources) @ project ---
[INFO] Copying 1 resource from src\main\resources to target\classes
[INFO] Copying 0 resource from src\main\resources to target\classes
[INFO] 
[INFO] --- compiler:3.13.0:compile (default-compile) @ project ---
[INFO] Nothing to compile - all classes are up to date.
[INFO] 
[INFO] --- resources:3.3.1:testResources (default-testResources) @ project ---
[INFO] skip non existing resourceDirectory C:\Users\manoj\OneDrive\Desktop\project\src\test\resources
[INFO] 
[INFO] --- compiler:3.13.0:testCompile (default-testCompile) @ project ---
[INFO] Nothing to compile - all classes are up to date.
[INFO] 
[INFO] <<< spring-boot:3.4.4:run (default-cli) < test-compile @ project <<<
[INFO] 
[INFO] 
[INFO] --- spring-boot:3.4.4:run (default-cli) @ project ---
[INFO] Attaching agents: []

  .   ____          _            __ _ _
 /\\ / ___'_ __ _ _(_)_ __  __ _ \ \ \ \
( ( )\___ | '_ | '_| | '_ \/ _` | \ \ \ \
 \\/  ___)| |_)| | | | | || (_| |  ) ) ) )
  '  |____| .__|_| |_|_| |_\__, | / / / /
 =========|_|==============|___/=/_/_/_/

 :: Spring Boot ::                (v3.4.4)

2026-04-28T00:22:34.320+05:30  INFO 29552 --- [AcademicConnect] [  restartedMain] com.klu.project.ProjectApplication       : Starting ProjectApplication using Java 17.0.18 with PID 29552 (C:\Users\manoj\OneDrive\Desktop\project\target\classes started by manoj in C:\Users\manoj\OneDrive\Desktop\project)
2026-04-28T00:22:34.326+05:30  INFO 29552 --- [AcademicConnect] [  restartedMain] com.klu.project.ProjectApplication       : No active profile set, falling back to 1 default profile: "default"
2026-04-28T00:22:34.434+05:30  INFO 29552 --- [AcademicConnect] [  restartedMain] .e.DevToolsPropertyDefaultsPostProcessor : Devtools property defaults active! Set 'spring.devtools.add-properties' to 'false' to disable
2026-04-28T00:22:34.436+05:30  INFO 29552 --- [AcademicConnect] [  restartedMain] .e.DevToolsPropertyDefaultsPostProcessor : For additional web related logging consider setting the 'logging.level.web' property to 'DEBUG'
2026-04-28T00:22:36.406+05:30  INFO 29552 --- [AcademicConnect] [  restartedMain] .s.d.r.c.RepositoryConfigurationDelegate : Bootstrapping Spring Data JPA repositories in DEFAULT mode.
2026-04-28T00:22:36.618+05:30  INFO 29552 --- [AcademicConnect] [  restartedMain] .s.d.r.c.RepositoryConfigurationDelegate : Finished Spring Data repository scanning in 184 ms. Found 7 JPA repository interfaces.
2026-04-28T00:22:38.239+05:30  INFO 29552 --- [AcademicConnect] [  restartedMain] o.s.b.w.embedded.tomcat.TomcatWebServer  : Tomcat initialized with port 8080 (http)
2026-04-28T00:22:38.271+05:30  INFO 29552 --- [AcademicConnect] [  restartedMain] o.apache.catalina.core.StandardService   : Starting service [Tomcat]
2026-04-28T00:22:38.272+05:30  INFO 29552 --- [AcademicConnect] [  restartedMain] o.apache.catalina.core.StandardEngine    : Starting Servlet engine: [Apache Tomcat/10.1.39]
2026-04-28T00:22:38.386+05:30  INFO 29552 --- [AcademicConnect] [  restartedMain] o.a.c.c.C.[Tomcat].[localhost].[/]       : Initializing Spring embedded WebApplicationContext
2026-04-28T00:22:38.390+05:30  INFO 29552 --- [AcademicConnect] [  restartedMain] w.s.c.ServletWebServerApplicationContext : Root WebApplicationContext: initialization completed in 3951 ms
2026-04-28T00:22:38.695+05:30  INFO 29552 --- [AcademicConnect] [  restartedMain] o.hibernate.jpa.internal.util.LogHelper  : HHH000204: Processing PersistenceUnitInfo [name: default]
2026-04-28T00:22:38.816+05:30  INFO 29552 --- [AcademicConnect] [  restartedMain] org.hibernate.Version                    : HHH000412: Hibernate ORM core version 6.6.11.Final
2026-04-28T00:22:38.890+05:30  INFO 29552 --- [AcademicConnect] [  restartedMain] o.h.c.internal.RegionFactoryInitiator    : HHH000026: Second-level cache disabled
2026-04-28T00:22:39.486+05:30  INFO 29552 --- [AcademicConnect] [  restartedMain] o.s.o.j.p.SpringPersistenceUnitInfo      : No LoadTimeWeaver setup: ignoring JPA class transformer
2026-04-28T00:22:39.557+05:30  INFO 29552 --- [AcademicConnect] [  restartedMain] com.zaxxer.hikari.HikariDataSource       : HikariPool-1 - Starting...
2026-04-28T00:22:39.918+05:30  INFO 29552 --- [AcademicConnect] [  restartedMain] com.zaxxer.hikari.pool.HikariPool        : HikariPool-1 - Added connection com.mysql.cj.jdbc.ConnectionImpl@1c2cf01e
2026-04-28T00:22:39.921+05:30  INFO 29552 --- [AcademicConnect] [  restartedMain] com.zaxxer.hikari.HikariDataSource       : HikariPool-1 - Start completed.
2026-04-28T00:22:40.067+05:30  WARN 29552 --- [AcademicConnect] [  restartedMain] org.hibernate.orm.deprecation            : HHH90000025: MySQLDialect does not need to be specified explicitly using 'hibernate.dialect' (remove the property setting and it will be selected by default)
2026-04-28T00:22:40.138+05:30  INFO 29552 --- [AcademicConnect] [  restartedMain] org.hibernate.orm.connections.pooling    : HHH10001005: Database info:
	Database JDBC URL [Connecting through datasource 'HikariDataSource (HikariPool-1)']
	Database driver: undefined/unknown
	Database version: 8.0.44
	Autocommit mode: undefined/unknown
	Isolation level: undefined/unknown
	Minimum pool size: undefined/unknown
	Maximum pool size: undefined/unknown
2026-04-28T00:22:42.530+05:30  INFO 29552 --- [AcademicConnect] [  restartedMain] o.h.e.t.j.p.i.JtaPlatformInitiator       : HHH000489: No JTA platform available (set 'hibernate.transaction.jta.platform' to enable JTA platform integration)
2026-04-28T00:22:42.763+05:30  INFO 29552 --- [AcademicConnect] [  restartedMain] j.LocalContainerEntityManagerFactoryBean : Initialized JPA EntityManagerFactory for persistence unit 'default'
2026-04-28T00:22:44.127+05:30  WARN 29552 --- [AcademicConnect] [  restartedMain] JpaBaseConfiguration$JpaWebConfiguration : spring.jpa.open-in-view is enabled by default. Therefore, database queries may be performed during view rendering. Explicitly configure spring.jpa.open-in-view to disable this warning
2026-04-28T00:22:44.182+05:30  INFO 29552 --- [AcademicConnect] [  restartedMain] r$InitializeUserDetailsManagerConfigurer : Global AuthenticationManager configured with UserDetailsService bean with name userDetailsService
2026-04-28T00:22:45.374+05:30  INFO 29552 --- [AcademicConnect] [  restartedMain] o.s.b.d.a.OptionalLiveReloadServer       : LiveReload server is running on port 35729
2026-04-28T00:22:45.415+05:30  WARN 29552 --- [AcademicConnect] [  restartedMain] ConfigServletWebServerApplicationContext : Exception encountered during context initialization - cancelling refresh attempt: org.springframework.context.ApplicationContextException: Failed to start bean 'webServerStartStop'
2026-04-28T00:22:45.419+05:30  INFO 29552 --- [AcademicConnect] [  restartedMain] j.LocalContainerEntityManagerFactoryBean : Closing JPA EntityManagerFactory for persistence unit 'default'
2026-04-28T00:22:45.426+05:30  INFO 29552 --- [AcademicConnect] [  restartedMain] com.zaxxer.hikari.HikariDataSource       : HikariPool-1 - Shutdown initiated...
2026-04-28T00:22:45.441+05:30  INFO 29552 --- [AcademicConnect] [  restartedMain] com.zaxxer.hikari.HikariDataSource       : HikariPool-1 - Shutdown completed.
2026-04-28T00:22:45.473+05:30  INFO 29552 --- [AcademicConnect] [  restartedMain] .s.b.a.l.ConditionEvaluationReportLogger : 

Error starting ApplicationContext. To display the condition evaluation report re-run your application with 'debug' enabled.
2026-04-28T00:22:45.517+05:30 ERROR 29552 --- [AcademicConnect] [  restartedMain] o.s.b.d.LoggingFailureAnalysisReporter   : 

***************************
APPLICATION FAILED TO START
***************************

Description:

Web server failed to start. Port 8080 was already in use.

Action:

Identify and stop the process that's listening on port 8080 or configure this application to listen on another port.

[INFO] ------------------------------------------------------------------------
[INFO] BUILD SUCCESS
[INFO] ------------------------------------------------------------------------
[INFO] Total time:  19.963 s
[INFO] Finished at: 2026-04-28T00:22:46+05:30
[INFO] ------------------------------------------------------------------------
